<?xml version="1.0" encoding="UTF-8"?>
<!-- Generated by org.testng.reporters.JUnitXMLReporter -->
<testsuite ignored="2" hostname="LAPTOP-F3DO7S1E" failures="0" tests="2" name="Command line test" time="0.062" errors="0" timestamp="2024-09-02T22:18:33 IST">
  <testcase classname="SampleProgramTest" name="diffTest" time="0.008"/>
  <testcase classname="SampleProgramTest" name="sumTest" time="0.0"/>
  <testcase classname="SampleProgram2Test" name="mulTest" time="0.0">
    <ignored/>
  </testcase> <!-- mulTest -->
  <testcase classname="SampleProgram2Test" name="divTest" time="0.0">
    <ignored/>
  </testcase> <!-- divTest -->
</testsuite> <!-- Command line test -->
