<?xml version="1.0" encoding="UTF-8"?>
<testng-results ignored="0" total="2" passed="2" failed="0" skipped="0">
  <reporter-output>
  </reporter-output>
  <suite started-at="2024-09-02T22:18:33 IST" name="Command line suite" finished-at="2024-09-02T22:18:33 IST" duration-ms="62">
    <groups>
    </groups>
    <test started-at="2024-09-02T22:18:33 IST" name="Command line test" finished-at="2024-09-02T22:18:33 IST" duration-ms="62">
      <class name="SampleProgramTest">
        <test-method signature="diffTest()[pri:0, instance:SampleProgramTest@557caf28]" started-at="2024-09-02T22:18:33 IST" name="diffTest" finished-at="2024-09-02T22:18:33 IST" duration-ms="8" status="PASS">
          <reporter-output>
          </reporter-output>
        </test-method> <!-- diffTest -->
        <test-method signature="sumTest()[pri:0, instance:SampleProgramTest@557caf28]" started-at="2024-09-02T22:18:33 IST" name="sumTest" finished-at="2024-09-02T22:18:33 IST" duration-ms="0" status="PASS">
          <reporter-output>
          </reporter-output>
        </test-method> <!-- sumTest -->
      </class> <!-- SampleProgramTest -->
    </test> <!-- Command line test -->
  </suite> <!-- Command line suite -->
</testng-results>
